<?xml version="1.0" encoding="UTF-8"?>
<!-- Generated by org.testng.reporters.JUnitXMLReporter -->
<testsuite ignored="0" hostname="L-IT-0299" failures="0" tests="14" name="Default test" time="74.009" errors="0" timestamp="2026-02-24T15:08:41 IST">
  <testcase classname="deepika.swaglabs.logintest" name="login" time="0.427"/>
  <testcase classname="deepika.swaglabs.logintest" name="addcart" time="3.128"/>
  <testcase classname="deepika.swaglabs.logintest" name="addtocartbutton" time="3.176"/>
  <testcase classname="deepika.swaglabs.logintest" name="checkoutpage" time="3.187"/>
  <testcase classname="deepika.swaglabs.logintest" name="checkoutdetails" time="7.292"/>
  <testcase classname="deepika.swaglabs.logintest" name="finishpage" time="3.178"/>
  <testcase classname="deepika.swaglabs.logintest" name="orderconfirmation" time="3.104"/>
  <testcase classname="deepika.swaglabs.logintest" name="backtohome" time="3.169"/>
  <testcase classname="deepika.swaglabs.logintest" name="addproducts" time="5.367"/>
  <testcase classname="deepika.swaglabs.logintest" name="removeproducts" time="5.243"/>
  <testcase classname="deepika.swaglabs.logintest" name="hamburgermenu" time="3.12"/>
  <testcase classname="deepika.swaglabs.logintest" name="aboutpage" time="10.868"/>
  <testcase classname="deepika.swaglabs.logintest" name="prodsorting" time="12.776"/>
  <testcase classname="deepika.swaglabs.logintest" name="logoutthepage" time="2.177"/>
</testsuite> <!-- Default test -->
