<?xml version="1.0" encoding="UTF-8"?>
<!-- Generated by org.testng.reporters.JUnitXMLReporter -->
<testsuite ignored="0" hostname="L-IT-0299" failures="0" tests="14" name="Test" time="71.185" errors="0" timestamp="2026-02-19T11:49:50 IST">
  <testcase classname="deepika.swaglabs.logintest" name="login" time="0.307"/>
  <testcase classname="deepika.swaglabs.logintest" name="addcart" time="3.082"/>
  <testcase classname="deepika.swaglabs.logintest" name="addtocartbutton" time="3.086"/>
  <testcase classname="deepika.swaglabs.logintest" name="checkoutpage" time="3.084"/>
  <testcase classname="deepika.swaglabs.logintest" name="checkoutdetails" time="7.168"/>
  <testcase classname="deepika.swaglabs.logintest" name="finishpage" time="3.09"/>
  <testcase classname="deepika.swaglabs.logintest" name="orderconfirmation" time="3.015"/>
  <testcase classname="deepika.swaglabs.logintest" name="backtohome" time="3.085"/>
  <testcase classname="deepika.swaglabs.logintest" name="addproducts" time="5.328"/>
  <testcase classname="deepika.swaglabs.logintest" name="removeproducts" time="5.158"/>
  <testcase classname="deepika.swaglabs.logintest" name="hamburgermenu" time="3.079"/>
  <testcase classname="deepika.swaglabs.logintest" name="aboutpage" time="12.797"/>
  <testcase classname="deepika.swaglabs.logintest" name="prodsorting" time="12.44"/>
  <testcase classname="deepika.swaglabs.logintest" name="logoutthepage" time="2.094"/>
</testsuite> <!-- Test -->
