<?xml version="1.0" encoding="UTF-8"?>
<testng-results ignored="0" total="14" passed="14" failed="0" skipped="0">
  <reporter-output>
  </reporter-output>
  <suite started-at="2026-03-11T15:35:39 IST" name="Suite" finished-at="2026-03-11T15:36:50 IST" duration-ms="71928">
    <groups>
    </groups>
    <test started-at="2026-03-11T15:35:39 IST" name="Test" finished-at="2026-03-11T15:36:50 IST" duration-ms="71928">
      <class name="deepika.swaglabs.logintest">
        <test-method is-config="true" signature="setup()[pri:0, instance:deepika.swaglabs.logintest@1573f9fc]" started-at="2026-03-11T15:35:39 IST" name="setup" finished-at="2026-03-11T15:35:46 IST" duration-ms="7108" status="PASS">
          <reporter-output>
          </reporter-output>
        </test-method> <!-- setup -->
        <test-method signature="login()[pri:1, instance:deepika.swaglabs.logintest@1573f9fc]" started-at="2026-03-11T15:35:46 IST" name="login" finished-at="2026-03-11T15:35:46 IST" duration-ms="393" status="PASS">
          <reporter-output>
          </reporter-output>
        </test-method> <!-- login -->
        <test-method signature="addcart()[pri:2, instance:deepika.swaglabs.logintest@1573f9fc]" started-at="2026-03-11T15:35:46 IST" name="addcart" finished-at="2026-03-11T15:35:49 IST" duration-ms="3131" status="PASS">
          <reporter-output>
          </reporter-output>
        </test-method> <!-- addcart -->
        <test-method signature="addtocartbutton()[pri:3, instance:deepika.swaglabs.logintest@1573f9fc]" started-at="2026-03-11T15:35:49 IST" name="addtocartbutton" finished-at="2026-03-11T15:35:52 IST" duration-ms="3172" status="PASS">
          <reporter-output>
          </reporter-output>
        </test-method> <!-- addtocartbutton -->
        <test-method signature="checkoutpage()[pri:4, instance:deepika.swaglabs.logintest@1573f9fc]" started-at="2026-03-11T15:35:52 IST" name="checkoutpage" finished-at="2026-03-11T15:35:56 IST" duration-ms="3144" status="PASS">
          <reporter-output>
          </reporter-output>
        </test-method> <!-- checkoutpage -->
        <test-method signature="checkoutdetails()[pri:5, instance:deepika.swaglabs.logintest@1573f9fc]" started-at="2026-03-11T15:35:56 IST" name="checkoutdetails" finished-at="2026-03-11T15:36:03 IST" duration-ms="7308" status="PASS">
          <reporter-output>
          </reporter-output>
        </test-method> <!-- checkoutdetails -->
        <test-method signature="finishpage()[pri:6, instance:deepika.swaglabs.logintest@1573f9fc]" started-at="2026-03-11T15:36:03 IST" name="finishpage" finished-at="2026-03-11T15:36:06 IST" duration-ms="3116" status="PASS">
          <reporter-output>
          </reporter-output>
        </test-method> <!-- finishpage -->
        <test-method signature="orderconfirmation()[pri:7, instance:deepika.swaglabs.logintest@1573f9fc]" started-at="2026-03-11T15:36:06 IST" name="orderconfirmation" finished-at="2026-03-11T15:36:09 IST" duration-ms="3117" status="PASS">
          <reporter-output>
          </reporter-output>
        </test-method> <!-- orderconfirmation -->
        <test-method signature="backtohome()[pri:8, instance:deepika.swaglabs.logintest@1573f9fc]" started-at="2026-03-11T15:36:09 IST" name="backtohome" finished-at="2026-03-11T15:36:12 IST" duration-ms="3190" status="PASS">
          <reporter-output>
          </reporter-output>
        </test-method> <!-- backtohome -->
        <test-method signature="addproducts()[pri:9, instance:deepika.swaglabs.logintest@1573f9fc]" started-at="2026-03-11T15:36:12 IST" name="addproducts" finished-at="2026-03-11T15:36:18 IST" duration-ms="5389" status="PASS">
          <reporter-output>
          </reporter-output>
        </test-method> <!-- addproducts -->
        <test-method signature="removeproducts()[pri:10, instance:deepika.swaglabs.logintest@1573f9fc]" started-at="2026-03-11T15:36:18 IST" name="removeproducts" finished-at="2026-03-11T15:36:23 IST" duration-ms="5286" status="PASS">
          <reporter-output>
          </reporter-output>
        </test-method> <!-- removeproducts -->
        <test-method signature="hamburgermenu()[pri:11, instance:deepika.swaglabs.logintest@1573f9fc]" started-at="2026-03-11T15:36:23 IST" name="hamburgermenu" finished-at="2026-03-11T15:36:26 IST" duration-ms="3100" status="PASS">
          <reporter-output>
          </reporter-output>
        </test-method> <!-- hamburgermenu -->
        <test-method signature="aboutpage()[pri:12, instance:deepika.swaglabs.logintest@1573f9fc]" started-at="2026-03-11T15:36:26 IST" name="aboutpage" finished-at="2026-03-11T15:36:34 IST" duration-ms="8083" status="PASS">
          <reporter-output>
          </reporter-output>
        </test-method> <!-- aboutpage -->
        <test-method signature="prodsorting()[pri:13, instance:deepika.swaglabs.logintest@1573f9fc]" started-at="2026-03-11T15:36:34 IST" name="prodsorting" finished-at="2026-03-11T15:36:47 IST" duration-ms="12766" status="PASS">
          <reporter-output>
          </reporter-output>
        </test-method> <!-- prodsorting -->
        <test-method signature="logoutthepage()[pri:14, instance:deepika.swaglabs.logintest@1573f9fc]" started-at="2026-03-11T15:36:47 IST" name="logoutthepage" finished-at="2026-03-11T15:36:49 IST" duration-ms="2171" status="PASS">
          <reporter-output>
          </reporter-output>
        </test-method> <!-- logoutthepage -->
        <test-method is-config="true" signature="tearDown()[pri:0, instance:deepika.swaglabs.logintest@1573f9fc]" started-at="2026-03-11T15:36:49 IST" name="tearDown" finished-at="2026-03-11T15:36:50 IST" duration-ms="1291" status="PASS">
          <reporter-output>
          </reporter-output>
        </test-method> <!-- tearDown -->
      </class> <!-- deepika.swaglabs.logintest -->
    </test> <!-- Test -->
  </suite> <!-- Suite -->
</testng-results>
