<?xml version="1.0" encoding="UTF-8"?>
<testng-results ignored="0" total="1" passed="1" failed="0" skipped="0">
  <reporter-output>
  </reporter-output>
  <suite started-at="2026-03-03T15:10:43 IST" name="Default suite" finished-at="2026-03-03T15:10:51 IST" duration-ms="8015">
    <groups>
    </groups>
    <test started-at="2026-03-03T15:10:43 IST" name="Default test" finished-at="2026-03-03T15:10:51 IST" duration-ms="8015">
      <class name="Day1.Google_url">
        <test-method signature="post()[pri:0, instance:Day1.Google_url@31304f14]" started-at="2026-03-03T15:10:43 IST" name="post" finished-at="2026-03-03T15:10:51 IST" duration-ms="7972" status="PASS">
          <reporter-output>
          </reporter-output>
        </test-method> <!-- post -->
      </class> <!-- Day1.Google_url -->
    </test> <!-- Default test -->
  </suite> <!-- Default suite -->
</testng-results>
