<?xml version="1.0" encoding="UTF-8"?>
<!-- Generated by org.testng.reporters.JUnitReportReporter -->
<testsuite hostname="L-IT-0299" failures="0" tests="14" name="deepika.swaglabs.logintest" time="62.131" errors="0" timestamp="2026-03-10T18:19:11 IST" skipped="0">
  <testcase classname="deepika.swaglabs.logintest" name="login" time="0.425"/>
  <testcase classname="deepika.swaglabs.logintest" name="addcart" time="3.089"/>
  <testcase classname="deepika.swaglabs.logintest" name="addtocartbutton" time="3.134"/>
  <testcase classname="deepika.swaglabs.logintest" name="checkoutpage" time="3.093"/>
  <testcase classname="deepika.swaglabs.logintest" name="checkoutdetails" time="7.325"/>
  <testcase classname="deepika.swaglabs.logintest" name="finishpage" time="3.135"/>
  <testcase classname="deepika.swaglabs.logintest" name="orderconfirmation" time="3.059"/>
  <testcase classname="deepika.swaglabs.logintest" name="backtohome" time="3.137"/>
  <testcase classname="deepika.swaglabs.logintest" name="addproducts" time="5.371"/>
  <testcase classname="deepika.swaglabs.logintest" name="removeproducts" time="5.240"/>
  <testcase classname="deepika.swaglabs.logintest" name="hamburgermenu" time="3.092"/>
  <testcase classname="deepika.swaglabs.logintest" name="aboutpage" time="7.412"/>
  <testcase classname="deepika.swaglabs.logintest" name="prodsorting" time="12.482"/>
  <testcase classname="deepika.swaglabs.logintest" name="logoutthepage" time="2.137"/>
</testsuite> <!-- deepika.swaglabs.logintest -->
