<?xml version="1.0" encoding="UTF-8"?>
<!-- Generated by org.testng.reporters.JUnitReportReporter -->
<testsuite hostname="L-IT-0299" failures="0" tests="14" name="deepika.swaglabs.logintest" time="63.366" errors="0" timestamp="2026-03-11T15:36:51 IST" skipped="0">
  <testcase classname="deepika.swaglabs.logintest" name="login" time="0.393"/>
  <testcase classname="deepika.swaglabs.logintest" name="addcart" time="3.131"/>
  <testcase classname="deepika.swaglabs.logintest" name="addtocartbutton" time="3.172"/>
  <testcase classname="deepika.swaglabs.logintest" name="checkoutpage" time="3.144"/>
  <testcase classname="deepika.swaglabs.logintest" name="checkoutdetails" time="7.308"/>
  <testcase classname="deepika.swaglabs.logintest" name="finishpage" time="3.116"/>
  <testcase classname="deepika.swaglabs.logintest" name="orderconfirmation" time="3.117"/>
  <testcase classname="deepika.swaglabs.logintest" name="backtohome" time="3.190"/>
  <testcase classname="deepika.swaglabs.logintest" name="addproducts" time="5.389"/>
  <testcase classname="deepika.swaglabs.logintest" name="removeproducts" time="5.286"/>
  <testcase classname="deepika.swaglabs.logintest" name="hamburgermenu" time="3.100"/>
  <testcase classname="deepika.swaglabs.logintest" name="aboutpage" time="8.083"/>
  <testcase classname="deepika.swaglabs.logintest" name="prodsorting" time="12.766"/>
  <testcase classname="deepika.swaglabs.logintest" name="logoutthepage" time="2.171"/>
</testsuite> <!-- deepika.swaglabs.logintest -->
