<?xml version="1.0" encoding="UTF-8"?>
<!-- Generated by org.testng.reporters.JUnitReportReporter -->
<testsuite hostname="L-IT-0299" failures="0" tests="3" name="Day1.Dynamicjson" time="3.279" errors="0" timestamp="2026-02-25T15:49:54 IST" skipped="0">
  <testcase classname="Day1.Dynamicjson" name="addbook" time="0.282"/>
  <testcase classname="Day1.Dynamicjson" name="addbook" time="0.249"/>
  <testcase classname="Day1.Dynamicjson" name="addbook" time="2.748"/>
</testsuite> <!-- Day1.Dynamicjson -->
